TN:
SF:src/router.ts
FN:25,(anonymous_0)
FN:38,(anonymous_1)
FNF:2
FNH:2
FNDA:4,(anonymous_0)
FNDA:5,(anonymous_1)
DA:1,2
DA:2,2
DA:3,2
DA:4,2
DA:6,2
DA:9,2
DA:11,2
DA:17,2
DA:25,4
DA:30,2
DA:38,5
DA:45,2
DA:51,2
DA:57,2
LF:14
LH:14
BRF:0
BRH:0
end_of_record
TN:
SF:src/server.ts
FN:7,connectDB
FN:30,(anonymous_2)
FNF:2
FNH:2
FNDA:3,connectDB
FNDA:1,(anonymous_2)
DA:1,2
DA:2,2
DA:3,2
DA:4,2
DA:7,2
DA:8,3
DA:9,3
DA:10,2
DA:14,1
DA:19,2
DA:22,2
DA:25,2
DA:28,2
DA:30,2
DA:31,1
DA:34,2
LF:16
LH:16
BRF:0
BRH:0
end_of_record
TN:
SF:src/config/db.ts
FNF:0
FNH:0
DA:1,2
DA:2,2
DA:4,2
DA:6,2
DA:11,2
LF:5
LH:5
BRF:0
BRH:0
end_of_record
TN:
SF:src/handlers/product.ts
FN:4,(anonymous_1)
FN:17,(anonymous_2)
FN:37,(anonymous_3)
FN:48,(anonymous_4)
FN:68,(anonymous_5)
FN:88,(anonymous_6)
FNF:6
FNH:6
FNDA:2,(anonymous_1)
FNDA:2,(anonymous_2)
FNDA:1,(anonymous_3)
FNDA:2,(anonymous_4)
FNDA:2,(anonymous_5)
FNDA:2,(anonymous_6)
DA:2,2
DA:4,2
DA:6,2
DA:7,2
DA:10,2
DA:12,0
DA:17,2
DA:19,2
DA:21,2
DA:22,2
DA:24,2
DA:25,1
DA:30,1
DA:32,0
DA:37,2
DA:39,1
DA:40,1
DA:41,1
DA:43,0
DA:44,0
DA:48,2
DA:50,2
DA:51,2
DA:53,2
DA:54,1
DA:60,1
DA:62,1
DA:64,1
DA:68,2
DA:70,2
DA:71,2
DA:73,2
DA:74,1
DA:80,1
DA:82,1
DA:84,1
DA:88,2
DA:90,2
DA:91,2
DA:93,2
DA:94,1
DA:100,1
DA:102,1
DA:104,1
LF:44
LH:40
BRDA:24,0,0,1
BRDA:24,0,1,1
BRDA:53,1,0,1
BRDA:53,1,1,1
BRDA:73,2,0,1
BRDA:73,2,1,1
BRDA:93,3,0,1
BRDA:93,3,1,1
BRF:8
BRH:8
end_of_record
TN:
SF:src/middleware/index.ts
FN:4,(anonymous_0)
FNF:1
FNH:1
FNDA:17,(anonymous_0)
DA:2,2
DA:4,2
DA:6,17
DA:8,17
DA:9,8
DA:12,9
LF:6
LH:6
BRDA:8,0,0,8
BRDA:8,0,1,9
BRF:2
BRH:2
end_of_record
TN:
SF:src/models/Product.model.ts
FNF:0
FNH:0
DA:1,3
DA:7,3
DA:12,3
DA:17,3
DA:23,3
DA:27,3
LF:6
LH:6
BRF:0
BRH:0
end_of_record
